[debug] [2021-06-02T19:11:37.449Z] ----------------------------------------------------------------------
[debug] [2021-06-02T19:11:37.457Z] Command:       /usr/local/bin/node /usr/local/bin/firebase init
[debug] [2021-06-02T19:11:37.459Z] CLI Version:   9.11.0
[debug] [2021-06-02T19:11:37.459Z] Platform:      darwin
[debug] [2021-06-02T19:11:37.460Z] Node Version:  v14.16.0
[debug] [2021-06-02T19:11:37.481Z] Time:          Wed Jun 02 2021 15:11:37 GMT-0400 (hora estándar de Chile)
[debug] [2021-06-02T19:11:37.481Z] ----------------------------------------------------------------------
[debug] 
[debug] [2021-06-02T19:11:37.488Z] >>> [apiv2][query] GET https://firebase-public.firebaseio.com/cli.json [none]
[debug] [2021-06-02T19:11:37.677Z] > command requires scopes: ["email","openid","https://www.googleapis.com/auth/cloudplatformprojects.readonly","https://www.googleapis.com/auth/firebase","https://www.googleapis.com/auth/cloud-platform"]
[debug] [2021-06-02T19:11:37.679Z] > authorizing via signed-in user (c.gonzalezcontrera@gmail.com)
[info] 
     ######## #### ########  ######## ########     ###     ######  ########
     ##        ##  ##     ## ##       ##     ##  ##   ##  ##       ##
     ######    ##  ########  ######   ########  #########  ######  ######
     ##        ##  ##    ##  ##       ##     ## ##     ##       ## ##
     ##       #### ##     ## ######## ########  ##     ##  ######  ########

You're about to initialize a Firebase project in this directory:

  /Users/milo/Desktop/proyecto-final/proyecto-final

[debug] [2021-06-02T19:11:38.715Z] <<< [apiv2][status] GET https://firebase-public.firebaseio.com/cli.json 200
[debug] [2021-06-02T19:11:38.716Z] <<< [apiv2][body] GET https://firebase-public.firebaseio.com/cli.json {"cloudBuildErrorAfter":1594252800000,"cloudBuildWarnAfter":1590019200000,"defaultNode10After":1594252800000,"minVersion":"3.0.5","node8DeploysDisabledAfter":1613390400000,"node8RuntimeDisabledAfter":1615809600000,"node8WarnAfter":1600128000000}
[info] 
=== Project Setup
[info] 
[info] First, let's associate this project directory with a Firebase project.
[info] You can create multiple project aliases by running firebase use --add, 
[info] but for now we'll just set up a default project.
[info] 
